<?xml version="1.0" encoding="UTF-8"?>
<testsuite name="com.viniciusmo.androidtextspeech.TranslatorTest" time="3.493" tests="9" errors="0" skipped="0" failures="0">
  <properties>
[...]
</properties>
  <testcase name="testTranslateCadeiraForChairUsingPTBRtoEN" classname="com.viniciusmo.androidtextspeech.TranslatorTest" time="0.824"/>
  <testcase name="testTranslateTwoSentencesENToPTBR" classname="com.viniciusmo.androidtextspeech.TranslatorTest" time="0.684"/>
  <testcase name="testTranslateWithSpecialCharacters" classname="com.viniciusmo.androidtextspeech.TranslatorTest" time="0.223"/>
  <testcase name="testTranslateCadeiraUsingPTBRtoChineseSimplified" classname="com.viniciusmo.androidtextspeech.TranslatorTest" time="0.271"/>
  <testcase name="testTranslateChairForCadeiraUsingENtoPTBR" classname="com.viniciusmo.androidtextspeech.TranslatorTest" time="0.767"/>
  <testcase name="testTranslateChairForCadeiraUsingPTBRtoEN" classname="com.viniciusmo.androidtextspeech.TranslatorTest" time="0.218"/>
  <testcase name="testTranslateFailTextUsingENtoPTBR" classname="com.viniciusmo.androidtextspeech.TranslatorTest" time="0.232"/>
  <testcase name="testTranslateShortPhraseUsingPTBRtoEN" classname="com.viniciusmo.androidtextspeech.TranslatorTest" time="0.273"/>
  <testcase name="testTranslateEmptyString" classname="com.viniciusmo.androidtextspeech.TranslatorTest" time="0.001"/>
</testsuite>