<?xml version="1.0" encoding="UTF-8" ?>
<testsuite failures="6" time="1.727" errors="0" skipped="0" tests="7" name="com.viniciusmo.androidtextspeech.TranslatorTest">
  <properties>
[...]
</properties>
  <testcase time="0.669" classname="com.viniciusmo.androidtextspeech.TranslatorTest" name="testTranslateCadeiraForChairUsingPTBRtoEN">
    <failure message="expected:&lt;[chair]&gt; but was:&lt;[ok]&gt;" type="org.junit.ComparisonFailure">org.junit.ComparisonFailure: expected:&lt;[chair]&gt; but was:&lt;[ok]&gt;
	at org.junit.Assert.assertEquals(Assert.java:123)
	at org.junit.Assert.assertEquals(Assert.java:145)
	at com.viniciusmo.androidtextspeech.TranslatorTest.testTranslateCadeiraForChairUsingPTBRtoEN(TranslatorTest.java:14)
	at sun.reflect.NativeMethodAccessorImpl.invoke0(Native Method)
	at sun.reflect.NativeMethodAccessorImpl.invoke(NativeMethodAccessorImpl.java:39)
	at sun.reflect.DelegatingMethodAccessorImpl.invoke(DelegatingMethodAccessorImpl.java:25)
	at java.lang.reflect.Method.invoke(Method.java:597)
	at org.junit.runners.model.FrameworkMethod$1.runReflectiveCall(FrameworkMethod.java:44)
	at org.junit.internal.runners.model.ReflectiveCallable.run(ReflectiveCallable.java:15)
	at org.junit.runners.model.FrameworkMethod.invokeExplosively(FrameworkMethod.java:41)
	at org.junit.internal.runners.statements.InvokeMethod.evaluate(InvokeMethod.java:20)
	at org.junit.runners.BlockJUnit4ClassRunner.runChild(BlockJUnit4ClassRunner.java:76)
	at org.junit.runners.BlockJUnit4ClassRunner.runChild(BlockJUnit4ClassRunner.java:50)
	at org.junit.runners.ParentRunner$3.run(ParentRunner.java:193)
	at org.junit.runners.ParentRunner$1.schedule(ParentRunner.java:52)
	at org.junit.runners.ParentRunner.runChildren(ParentRunner.java:191)
	at org.junit.runners.ParentRunner.access$000(ParentRunner.java:42)
	at org.junit.runners.ParentRunner$2.evaluate(ParentRunner.java:184)
	at org.junit.runners.ParentRunner.run(ParentRunner.java:236)
	at org.apache.maven.surefire.junit4.JUnit4TestSet.execute(JUnit4TestSet.java:35)
	at org.apache.maven.surefire.junit4.JUnit4Provider.executeTestSet(JUnit4Provider.java:146)
	at org.apache.maven.surefire.junit4.JUnit4Provider.invoke(JUnit4Provider.java:97)
	at sun.reflect.NativeMethodAccessorImpl.invoke0(Native Method)
	at sun.reflect.NativeMethodAccessorImpl.invoke(NativeMethodAccessorImpl.java:39)
	at sun.reflect.DelegatingMethodAccessorImpl.invoke(DelegatingMethodAccessorImpl.java:25)
	at java.lang.reflect.Method.invoke(Method.java:597)
	at org.apache.maven.surefire.booter.ProviderFactory$ClassLoaderProxy.invoke(ProviderFactory.java:103)
	at com.sun.proxy.$Proxy0.invoke(Unknown Source)
	at org.apache.maven.surefire.booter.SurefireStarter.invokeProvider(SurefireStarter.java:145)
	at org.apache.maven.surefire.booter.SurefireStarter.runSuitesInProcess(SurefireStarter.java:87)
	at org.apache.maven.surefire.booter.ForkedBooter.main(ForkedBooter.java:69)
</failure>
    <system-out>@HL
@HL-------------------------------------------------------
@HL T E S T S
@HL-------------------------------------------------------
@SLRunning com.viniciusmo.androidtextspeech.TranslatorTest
{&quot;dict&quot;:[{&quot;entry&quot;:[{&quot;score&quot;:0.720272958,&quot;reverse_translation&quot;:[&quot;cadeira&quot;,&quot;presidência&quot;,&quot;cadeirinha&quot;,&quot;coxim&quot;],&quot;word&quot;:&quot;chair&quot;,&quot;synset_id&quot;:[0]},{&quot;score&quot;:0.0600546673,&quot;reverse_translation&quot;:[&quot;assento&quot;,&quot;banco&quot;,&quot;lugar&quot;,&quot;cadeira&quot;,&quot;poltrona&quot;,&quot;selim&quot;],&quot;word&quot;:&quot;seat&quot;},{&quot;score&quot;:0.00366335828,&quot;reverse_translation&quot;:[&quot;sujeito&quot;,&quot;assunto&quot;,&quot;indivíduo&quot;,&quot;pessoa&quot;,&quot;tópico&quot;,&quot;cadeira&quot;],&quot;word&quot;:&quot;subject&quot;},{&quot;score&quot;:3.00706743E-4,&quot;reverse_translation&quot;:[&quot;cadeira&quot;],&quot;word&quot;:&quot;professorship&quot;,&quot;synset_id&quot;:[0]},{&quot;score&quot;:2.34190651E-4,&quot;reverse_translation&quot;:[&quot;cadeira&quot;],&quot;word&quot;:&quot;sunbed&quot;},{&quot;score&quot;:1.71337539E-4,&quot;reverse_translation&quot;:[&quot;cómoda&quot;,&quot;cadeira&quot;,&quot;pequeno guarda-roupa&quot;],&quot;word&quot;:&quot;commode&quot;},{&quot;score&quot;:1.00724144E-4,&quot;reverse_translation&quot;:[&quot;tenda&quot;,&quot;barraca&quot;,&quot;baia&quot;,&quot;estábulo&quot;,&quot;cocheira&quot;,&quot;cadeira&quot;],&quot;word&quot;:&quot;stall&quot;},{&quot;score&quot;:2.50722223E-5,&quot;reverse_translation&quot;:[&quot;professorado&quot;,&quot;classe dos professores&quot;,&quot;cadeira&quot;],&quot;word&quot;:&quot;professorate&quot;},{&quot;score&quot;:8.01356327E-6,&quot;reverse_translation&quot;:[&quot;professorado&quot;,&quot;cadeira&quot;],&quot;word&quot;:&quot;professoriate&quot;}],&quot;terms&quot;:[&quot;chair&quot;,&quot;seat&quot;,&quot;subject&quot;,&quot;professorship&quot;,&quot;sunbed&quot;,&quot;commode&quot;,&quot;stall&quot;,&quot;professorate&quot;,&quot;professoriate&quot;],&quot;base_form&quot;:&quot;cadeira&quot;,&quot;pos&quot;:&quot;substantivo&quot;}],&quot;sentences&quot;:[{&quot;trans&quot;:&quot;chair&quot;,&quot;translit&quot;:&quot;&quot;,&quot;src_translit&quot;:&quot;&quot;,&quot;orig&quot;:&quot;cadeira&quot;}],&quot;server_time&quot;:4,&quot;src&quot;:&quot;pt&quot;}
</system-out>
  </testcase>
  <testcase time="0.168" classname="com.viniciusmo.androidtextspeech.TranslatorTest" name="testTranslateCadeiraUsingPTBRtoChineseSimplified">
    <failure message="expected:&lt;[椅子]&gt; but was:&lt;[ok]&gt;" type="org.junit.ComparisonFailure">org.junit.ComparisonFailure: expected:&lt;[椅子]&gt; but was:&lt;[ok]&gt;
	at org.junit.Assert.assertEquals(Assert.java:123)
	at org.junit.Assert.assertEquals(Assert.java:145)
	at com.viniciusmo.androidtextspeech.TranslatorTest.testTranslateCadeiraUsingPTBRtoChineseSimplified(TranslatorTest.java:22)
	at sun.reflect.NativeMethodAccessorImpl.invoke0(Native Method)
	at sun.reflect.NativeMethodAccessorImpl.invoke(NativeMethodAccessorImpl.java:39)
	at sun.reflect.DelegatingMethodAccessorImpl.invoke(DelegatingMethodAccessorImpl.java:25)
	at java.lang.reflect.Method.invoke(Method.java:597)
	at org.junit.runners.model.FrameworkMethod$1.runReflectiveCall(FrameworkMethod.java:44)
	at org.junit.internal.runners.model.ReflectiveCallable.run(ReflectiveCallable.java:15)
	at org.junit.runners.model.FrameworkMethod.invokeExplosively(FrameworkMethod.java:41)
	at org.junit.internal.runners.statements.InvokeMethod.evaluate(InvokeMethod.java:20)
	at org.junit.runners.BlockJUnit4ClassRunner.runChild(BlockJUnit4ClassRunner.java:76)
	at org.junit.runners.BlockJUnit4ClassRunner.runChild(BlockJUnit4ClassRunner.java:50)
	at org.junit.runners.ParentRunner$3.run(ParentRunner.java:193)
	at org.junit.runners.ParentRunner$1.schedule(ParentRunner.java:52)
	at org.junit.runners.ParentRunner.runChildren(ParentRunner.java:191)
	at org.junit.runners.ParentRunner.access$000(ParentRunner.java:42)
	at org.junit.runners.ParentRunner$2.evaluate(ParentRunner.java:184)
	at org.junit.runners.ParentRunner.run(ParentRunner.java:236)
	at org.apache.maven.surefire.junit4.JUnit4TestSet.execute(JUnit4TestSet.java:35)
	at org.apache.maven.surefire.junit4.JUnit4Provider.executeTestSet(JUnit4Provider.java:146)
	at org.apache.maven.surefire.junit4.JUnit4Provider.invoke(JUnit4Provider.java:97)
	at sun.reflect.NativeMethodAccessorImpl.invoke0(Native Method)
	at sun.reflect.NativeMethodAccessorImpl.invoke(NativeMethodAccessorImpl.java:39)
	at sun.reflect.DelegatingMethodAccessorImpl.invoke(DelegatingMethodAccessorImpl.java:25)
	at java.lang.reflect.Method.invoke(Method.java:597)
	at org.apache.maven.surefire.booter.ProviderFactory$ClassLoaderProxy.invoke(ProviderFactory.java:103)
	at com.sun.proxy.$Proxy0.invoke(Unknown Source)
	at org.apache.maven.surefire.booter.SurefireStarter.invokeProvider(SurefireStarter.java:145)
	at org.apache.maven.surefire.booter.SurefireStarter.runSuitesInProcess(SurefireStarter.java:87)
	at org.apache.maven.surefire.booter.ForkedBooter.main(ForkedBooter.java:69)
</failure>
    <system-out>{&quot;sentences&quot;:[{&quot;trans&quot;:&quot;??&quot;,&quot;translit&quot;:&quot;Y?zi&quot;,&quot;src_translit&quot;:&quot;&quot;,&quot;orig&quot;:&quot;cadeira&quot;}],&quot;server_time&quot;:15,&quot;src&quot;:&quot;pt&quot;}
</system-out>
  </testcase>
  <testcase time="0.174" classname="com.viniciusmo.androidtextspeech.TranslatorTest" name="testTranslateChairForCadeiraUsingENtoPTBR">
    <failure message="expected:&lt;[chair]&gt; but was:&lt;[ok]&gt;" type="org.junit.ComparisonFailure">org.junit.ComparisonFailure: expected:&lt;[chair]&gt; but was:&lt;[ok]&gt;
	at org.junit.Assert.assertEquals(Assert.java:123)
	at org.junit.Assert.assertEquals(Assert.java:145)
	at com.viniciusmo.androidtextspeech.TranslatorTest.testTranslateChairForCadeiraUsingENtoPTBR(TranslatorTest.java:30)
	at sun.reflect.NativeMethodAccessorImpl.invoke0(Native Method)
	at sun.reflect.NativeMethodAccessorImpl.invoke(NativeMethodAccessorImpl.java:39)
	at sun.reflect.DelegatingMethodAccessorImpl.invoke(DelegatingMethodAccessorImpl.java:25)
	at java.lang.reflect.Method.invoke(Method.java:597)
	at org.junit.runners.model.FrameworkMethod$1.runReflectiveCall(FrameworkMethod.java:44)
	at org.junit.internal.runners.model.ReflectiveCallable.run(ReflectiveCallable.java:15)
	at org.junit.runners.model.FrameworkMethod.invokeExplosively(FrameworkMethod.java:41)
	at org.junit.internal.runners.statements.InvokeMethod.evaluate(InvokeMethod.java:20)
	at org.junit.runners.BlockJUnit4ClassRunner.runChild(BlockJUnit4ClassRunner.java:76)
	at org.junit.runners.BlockJUnit4ClassRunner.runChild(BlockJUnit4ClassRunner.java:50)
	at org.junit.runners.ParentRunner$3.run(ParentRunner.java:193)
	at org.junit.runners.ParentRunner$1.schedule(ParentRunner.java:52)
	at org.junit.runners.ParentRunner.runChildren(ParentRunner.java:191)
	at org.junit.runners.ParentRunner.access$000(ParentRunner.java:42)
	at org.junit.runners.ParentRunner$2.evaluate(ParentRunner.java:184)
	at org.junit.runners.ParentRunner.run(ParentRunner.java:236)
	at org.apache.maven.surefire.junit4.JUnit4TestSet.execute(JUnit4TestSet.java:35)
	at org.apache.maven.surefire.junit4.JUnit4Provider.executeTestSet(JUnit4Provider.java:146)
	at org.apache.maven.surefire.junit4.JUnit4Provider.invoke(JUnit4Provider.java:97)
	at sun.reflect.NativeMethodAccessorImpl.invoke0(Native Method)
	at sun.reflect.NativeMethodAccessorImpl.invoke(NativeMethodAccessorImpl.java:39)
	at sun.reflect.DelegatingMethodAccessorImpl.invoke(DelegatingMethodAccessorImpl.java:25)
	at java.lang.reflect.Method.invoke(Method.java:597)
	at org.apache.maven.surefire.booter.ProviderFactory$ClassLoaderProxy.invoke(ProviderFactory.java:103)
	at com.sun.proxy.$Proxy0.invoke(Unknown Source)
	at org.apache.maven.surefire.booter.SurefireStarter.invokeProvider(SurefireStarter.java:145)
	at org.apache.maven.surefire.booter.SurefireStarter.runSuitesInProcess(SurefireStarter.java:87)
	at org.apache.maven.surefire.booter.ForkedBooter.main(ForkedBooter.java:69)
</failure>
    <system-out>{&quot;dict&quot;:[{&quot;entry&quot;:[{&quot;score&quot;:0.720272958,&quot;reverse_translation&quot;:[&quot;cadeira&quot;,&quot;presidência&quot;,&quot;cadeirinha&quot;,&quot;coxim&quot;],&quot;word&quot;:&quot;chair&quot;,&quot;synset_id&quot;:[0]},{&quot;score&quot;:0.0600546673,&quot;reverse_translation&quot;:[&quot;assento&quot;,&quot;banco&quot;,&quot;lugar&quot;,&quot;cadeira&quot;,&quot;poltrona&quot;,&quot;selim&quot;],&quot;word&quot;:&quot;seat&quot;},{&quot;score&quot;:0.00366335828,&quot;reverse_translation&quot;:[&quot;sujeito&quot;,&quot;assunto&quot;,&quot;indivíduo&quot;,&quot;pessoa&quot;,&quot;tópico&quot;,&quot;cadeira&quot;],&quot;word&quot;:&quot;subject&quot;},{&quot;score&quot;:3.00706743E-4,&quot;reverse_translation&quot;:[&quot;cadeira&quot;],&quot;word&quot;:&quot;professorship&quot;,&quot;synset_id&quot;:[0]},{&quot;score&quot;:2.34190651E-4,&quot;reverse_translation&quot;:[&quot;cadeira&quot;],&quot;word&quot;:&quot;sunbed&quot;},{&quot;score&quot;:1.71337539E-4,&quot;reverse_translation&quot;:[&quot;cómoda&quot;,&quot;cadeira&quot;,&quot;pequeno guarda-roupa&quot;],&quot;word&quot;:&quot;commode&quot;},{&quot;score&quot;:1.00724144E-4,&quot;reverse_translation&quot;:[&quot;tenda&quot;,&quot;barraca&quot;,&quot;baia&quot;,&quot;estábulo&quot;,&quot;cocheira&quot;,&quot;cadeira&quot;],&quot;word&quot;:&quot;stall&quot;},{&quot;score&quot;:2.50722223E-5,&quot;reverse_translation&quot;:[&quot;professorado&quot;,&quot;classe dos professores&quot;,&quot;cadeira&quot;],&quot;word&quot;:&quot;professorate&quot;},{&quot;score&quot;:8.01356327E-6,&quot;reverse_translation&quot;:[&quot;professorado&quot;,&quot;cadeira&quot;],&quot;word&quot;:&quot;professoriate&quot;}],&quot;terms&quot;:[&quot;chair&quot;,&quot;seat&quot;,&quot;subject&quot;,&quot;professorship&quot;,&quot;sunbed&quot;,&quot;commode&quot;,&quot;stall&quot;,&quot;professorate&quot;,&quot;professoriate&quot;],&quot;base_form&quot;:&quot;cadeira&quot;,&quot;pos&quot;:&quot;substantivo&quot;}],&quot;sentences&quot;:[{&quot;trans&quot;:&quot;chair&quot;,&quot;translit&quot;:&quot;&quot;,&quot;src_translit&quot;:&quot;&quot;,&quot;orig&quot;:&quot;cadeira&quot;}],&quot;server_time&quot;:3,&quot;src&quot;:&quot;pt&quot;}
</system-out>
  </testcase>
  <testcase time="0.155" classname="com.viniciusmo.androidtextspeech.TranslatorTest" name="testTranslateChairForCadeiraUsingPTBRtoEN">
    <failure message="expected:&lt;[cadeira]&gt; but was:&lt;[ok]&gt;" type="org.junit.ComparisonFailure">org.junit.ComparisonFailure: expected:&lt;[cadeira]&gt; but was:&lt;[ok]&gt;
	at org.junit.Assert.assertEquals(Assert.java:123)
	at org.junit.Assert.assertEquals(Assert.java:145)
	at com.viniciusmo.androidtextspeech.TranslatorTest.testTranslateChairForCadeiraUsingPTBRtoEN(TranslatorTest.java:38)
	at sun.reflect.NativeMethodAccessorImpl.invoke0(Native Method)
	at sun.reflect.NativeMethodAccessorImpl.invoke(NativeMethodAccessorImpl.java:39)
	at sun.reflect.DelegatingMethodAccessorImpl.invoke(DelegatingMethodAccessorImpl.java:25)
	at java.lang.reflect.Method.invoke(Method.java:597)
	at org.junit.runners.model.FrameworkMethod$1.runReflectiveCall(FrameworkMethod.java:44)
	at org.junit.internal.runners.model.ReflectiveCallable.run(ReflectiveCallable.java:15)
	at org.junit.runners.model.FrameworkMethod.invokeExplosively(FrameworkMethod.java:41)
	at org.junit.internal.runners.statements.InvokeMethod.evaluate(InvokeMethod.java:20)
	at org.junit.runners.BlockJUnit4ClassRunner.runChild(BlockJUnit4ClassRunner.java:76)
	at org.junit.runners.BlockJUnit4ClassRunner.runChild(BlockJUnit4ClassRunner.java:50)
	at org.junit.runners.ParentRunner$3.run(ParentRunner.java:193)
	at org.junit.runners.ParentRunner$1.schedule(ParentRunner.java:52)
	at org.junit.runners.ParentRunner.runChildren(ParentRunner.java:191)
	at org.junit.runners.ParentRunner.access$000(ParentRunner.java:42)
	at org.junit.runners.ParentRunner$2.evaluate(ParentRunner.java:184)
	at org.junit.runners.ParentRunner.run(ParentRunner.java:236)
	at org.apache.maven.surefire.junit4.JUnit4TestSet.execute(JUnit4TestSet.java:35)
	at org.apache.maven.surefire.junit4.JUnit4Provider.executeTestSet(JUnit4Provider.java:146)
	at org.apache.maven.surefire.junit4.JUnit4Provider.invoke(JUnit4Provider.java:97)
	at sun.reflect.NativeMethodAccessorImpl.invoke0(Native Method)
	at sun.reflect.NativeMethodAccessorImpl.invoke(NativeMethodAccessorImpl.java:39)
	at sun.reflect.DelegatingMethodAccessorImpl.invoke(DelegatingMethodAccessorImpl.java:25)
	at java.lang.reflect.Method.invoke(Method.java:597)
	at org.apache.maven.surefire.booter.ProviderFactory$ClassLoaderProxy.invoke(ProviderFactory.java:103)
	at com.sun.proxy.$Proxy0.invoke(Unknown Source)
	at org.apache.maven.surefire.booter.SurefireStarter.invokeProvider(SurefireStarter.java:145)
	at org.apache.maven.surefire.booter.SurefireStarter.runSuitesInProcess(SurefireStarter.java:87)
	at org.apache.maven.surefire.booter.ForkedBooter.main(ForkedBooter.java:69)
</failure>
    <system-out>{&quot;dict&quot;:[{&quot;entry&quot;:[{&quot;score&quot;:0.552252471,&quot;reverse_translation&quot;:[&quot;chair&quot;,&quot;seat&quot;,&quot;subject&quot;,&quot;professorship&quot;,&quot;sunbed&quot;,&quot;commode&quot;],&quot;word&quot;:&quot;cadeira&quot;},{&quot;score&quot;:0.0250345096,&quot;reverse_translation&quot;:[&quot;presidency&quot;,&quot;chair&quot;,&quot;chairmanship&quot;,&quot;presidentship&quot;],&quot;word&quot;:&quot;presidência&quot;},{&quot;score&quot;:0.00128595973,&quot;reverse_translation&quot;:[&quot;chair&quot;,&quot;sedan chair&quot;,&quot;lady chair&quot;],&quot;word&quot;:&quot;cadeirinha&quot;},{&quot;score&quot;:6.74809735E-6,&quot;reverse_translation&quot;:[&quot;cushion&quot;,&quot;pad&quot;,&quot;bolster&quot;,&quot;squab&quot;,&quot;axle box&quot;,&quot;chair&quot;],&quot;word&quot;:&quot;coxim&quot;}],&quot;terms&quot;:[&quot;cadeira&quot;,&quot;presidência&quot;,&quot;cadeirinha&quot;,&quot;coxim&quot;],&quot;base_form&quot;:&quot;chair&quot;,&quot;pos&quot;:&quot;noun&quot;},{&quot;entry&quot;:[{&quot;score&quot;:6.96230472E-6,&quot;reverse_translation&quot;:[&quot;chair&quot;],&quot;word&quot;:&quot;eleger presidente&quot;},{&quot;score&quot;:6.96230472E-6,&quot;reverse_translation&quot;:[&quot;chair&quot;],&quot;word&quot;:&quot;guarnecer com coxins&quot;},{&quot;score&quot;:6.85436407E-6,&quot;reverse_translation&quot;:[&quot;chair&quot;],&quot;word&quot;:&quot;levar em triunfo&quot;}],&quot;terms&quot;:[&quot;eleger presidente&quot;,&quot;guarnecer com coxins&quot;,&quot;levar em triunfo&quot;],&quot;base_form&quot;:&quot;chair&quot;,&quot;pos&quot;:&quot;verb&quot;}],&quot;sentences&quot;:[{&quot;trans&quot;:&quot;cadeira&quot;,&quot;translit&quot;:&quot;&quot;,&quot;src_translit&quot;:&quot;&quot;,&quot;orig&quot;:&quot;chair&quot;}],&quot;server_time&quot;:2,&quot;src&quot;:&quot;en&quot;}
</system-out>
  </testcase>
  <testcase time="0.24" classname="com.viniciusmo.androidtextspeech.TranslatorTest" name="testTranslateFailTextUsingENtoPTBR">
    <failure message="expected:&lt;[asdadasdasdasdasdasd]&gt; but was:&lt;[ok]&gt;" type="org.junit.ComparisonFailure">org.junit.ComparisonFailure: expected:&lt;[asdadasdasdasdasdasd]&gt; but was:&lt;[ok]&gt;
	at org.junit.Assert.assertEquals(Assert.java:123)
	at org.junit.Assert.assertEquals(Assert.java:145)
	at com.viniciusmo.androidtextspeech.TranslatorTest.testTranslateFailTextUsingENtoPTBR(TranslatorTest.java:46)
	at sun.reflect.NativeMethodAccessorImpl.invoke0(Native Method)
	at sun.reflect.NativeMethodAccessorImpl.invoke(NativeMethodAccessorImpl.java:39)
	at sun.reflect.DelegatingMethodAccessorImpl.invoke(DelegatingMethodAccessorImpl.java:25)
	at java.lang.reflect.Method.invoke(Method.java:597)
	at org.junit.runners.model.FrameworkMethod$1.runReflectiveCall(FrameworkMethod.java:44)
	at org.junit.internal.runners.model.ReflectiveCallable.run(ReflectiveCallable.java:15)
	at org.junit.runners.model.FrameworkMethod.invokeExplosively(FrameworkMethod.java:41)
	at org.junit.internal.runners.statements.InvokeMethod.evaluate(InvokeMethod.java:20)
	at org.junit.runners.BlockJUnit4ClassRunner.runChild(BlockJUnit4ClassRunner.java:76)
	at org.junit.runners.BlockJUnit4ClassRunner.runChild(BlockJUnit4ClassRunner.java:50)
	at org.junit.runners.ParentRunner$3.run(ParentRunner.java:193)
	at org.junit.runners.ParentRunner$1.schedule(ParentRunner.java:52)
	at org.junit.runners.ParentRunner.runChildren(ParentRunner.java:191)
	at org.junit.runners.ParentRunner.access$000(ParentRunner.java:42)
	at org.junit.runners.ParentRunner$2.evaluate(ParentRunner.java:184)
	at org.junit.runners.ParentRunner.run(ParentRunner.java:236)
	at org.apache.maven.surefire.junit4.JUnit4TestSet.execute(JUnit4TestSet.java:35)
	at org.apache.maven.surefire.junit4.JUnit4Provider.executeTestSet(JUnit4Provider.java:146)
	at org.apache.maven.surefire.junit4.JUnit4Provider.invoke(JUnit4Provider.java:97)
	at sun.reflect.NativeMethodAccessorImpl.invoke0(Native Method)
	at sun.reflect.NativeMethodAccessorImpl.invoke(NativeMethodAccessorImpl.java:39)
	at sun.reflect.DelegatingMethodAccessorImpl.invoke(DelegatingMethodAccessorImpl.java:25)
	at java.lang.reflect.Method.invoke(Method.java:597)
	at org.apache.maven.surefire.booter.ProviderFactory$ClassLoaderProxy.invoke(ProviderFactory.java:103)
	at com.sun.proxy.$Proxy0.invoke(Unknown Source)
	at org.apache.maven.surefire.booter.SurefireStarter.invokeProvider(SurefireStarter.java:145)
	at org.apache.maven.surefire.booter.SurefireStarter.runSuitesInProcess(SurefireStarter.java:87)
	at org.apache.maven.surefire.booter.ForkedBooter.main(ForkedBooter.java:69)
</failure>
    <system-out>{&quot;sentences&quot;:[{&quot;trans&quot;:&quot;asdadasdasdasdasdasd&quot;,&quot;translit&quot;:&quot;&quot;,&quot;src_translit&quot;:&quot;&quot;,&quot;orig&quot;:&quot;asdadasdasdasdasdasd&quot;}],&quot;server_time&quot;:88,&quot;src&quot;:&quot;en&quot;,&quot;spell&quot;:{&quot;spell_html_res&quot;:&quot;&lt;b&gt;&lt;i&gt;asdasdasdasdasdasdasd&lt;\/i&gt;&lt;\/b&gt;&quot;,&quot;correction_type&quot;:[1],&quot;spell_res&quot;:&quot;asdasdasdasdasdasdasd&quot;}}
</system-out>
  </testcase>
  <testcase time="0.218" classname="com.viniciusmo.androidtextspeech.TranslatorTest" name="testTranslateShortPhraseUsingPTBRtoEN">
    <failure message="expected:&lt;[I like to read newspapers]&gt; but was:&lt;[ok]&gt;" type="org.junit.ComparisonFailure">org.junit.ComparisonFailure: expected:&lt;[I like to read newspapers]&gt; but was:&lt;[ok]&gt;
	at org.junit.Assert.assertEquals(Assert.java:123)
	at org.junit.Assert.assertEquals(Assert.java:145)
	at com.viniciusmo.androidtextspeech.TranslatorTest.testTranslateShortPhraseUsingPTBRtoEN(TranslatorTest.java:54)
	at sun.reflect.NativeMethodAccessorImpl.invoke0(Native Method)
	at sun.reflect.NativeMethodAccessorImpl.invoke(NativeMethodAccessorImpl.java:39)
	at sun.reflect.DelegatingMethodAccessorImpl.invoke(DelegatingMethodAccessorImpl.java:25)
	at java.lang.reflect.Method.invoke(Method.java:597)
	at org.junit.runners.model.FrameworkMethod$1.runReflectiveCall(FrameworkMethod.java:44)
	at org.junit.internal.runners.model.ReflectiveCallable.run(ReflectiveCallable.java:15)
	at org.junit.runners.model.FrameworkMethod.invokeExplosively(FrameworkMethod.java:41)
	at org.junit.internal.runners.statements.InvokeMethod.evaluate(InvokeMethod.java:20)
	at org.junit.runners.BlockJUnit4ClassRunner.runChild(BlockJUnit4ClassRunner.java:76)
	at org.junit.runners.BlockJUnit4ClassRunner.runChild(BlockJUnit4ClassRunner.java:50)
	at org.junit.runners.ParentRunner$3.run(ParentRunner.java:193)
	at org.junit.runners.ParentRunner$1.schedule(ParentRunner.java:52)
	at org.junit.runners.ParentRunner.runChildren(ParentRunner.java:191)
	at org.junit.runners.ParentRunner.access$000(ParentRunner.java:42)
	at org.junit.runners.ParentRunner$2.evaluate(ParentRunner.java:184)
	at org.junit.runners.ParentRunner.run(ParentRunner.java:236)
	at org.apache.maven.surefire.junit4.JUnit4TestSet.execute(JUnit4TestSet.java:35)
	at org.apache.maven.surefire.junit4.JUnit4Provider.executeTestSet(JUnit4Provider.java:146)
	at org.apache.maven.surefire.junit4.JUnit4Provider.invoke(JUnit4Provider.java:97)
	at sun.reflect.NativeMethodAccessorImpl.invoke0(Native Method)
	at sun.reflect.NativeMethodAccessorImpl.invoke(NativeMethodAccessorImpl.java:39)
	at sun.reflect.DelegatingMethodAccessorImpl.invoke(DelegatingMethodAccessorImpl.java:25)
	at java.lang.reflect.Method.invoke(Method.java:597)
	at org.apache.maven.surefire.booter.ProviderFactory$ClassLoaderProxy.invoke(ProviderFactory.java:103)
	at com.sun.proxy.$Proxy0.invoke(Unknown Source)
	at org.apache.maven.surefire.booter.SurefireStarter.invokeProvider(SurefireStarter.java:145)
	at org.apache.maven.surefire.booter.SurefireStarter.runSuitesInProcess(SurefireStarter.java:87)
	at org.apache.maven.surefire.booter.ForkedBooter.main(ForkedBooter.java:69)
</failure>
    <system-out>{&quot;sentences&quot;:[{&quot;trans&quot;:&quot;I like to read newspapers&quot;,&quot;translit&quot;:&quot;&quot;,&quot;src_translit&quot;:&quot;&quot;,&quot;orig&quot;:&quot;gosto de ler jornais&quot;}],&quot;server_time&quot;:68,&quot;src&quot;:&quot;pt&quot;}
</system-out>
  </testcase>
  <testcase time="0" classname="com.viniciusmo.androidtextspeech.TranslatorTest" name="testTranslateEmptyString"/>
</testsuite>